<?xml version="1.0" encoding="UTF-8"?>
<testng-results total="1" passed="1" failed="0" skipped="0">
  <reporter-output>
  </reporter-output>
  <suite started-at="2021-11-22T20:07:46Z" name="Default suite" finished-at="2021-11-22T20:08:06Z" duration-ms="20312">
    <groups>
    </groups>
    <test started-at="2021-11-22T20:07:46Z" name="Default test" finished-at="2021-11-22T20:08:06Z" duration-ms="20312">
      <class name="example.NewTest">
        <test-method is-config="true" signature="beforeTest()[pri:0, instance:example.NewTest@6304101a]" started-at="2021-11-22T15:07:46Z" name="beforeTest" finished-at="2021-11-22T15:07:48Z" duration-ms="2004" status="PASS">
          <reporter-output>
          </reporter-output>
        </test-method> <!-- beforeTest -->
        <test-method signature="Easy()[pri:0, instance:example.NewTest@6304101a]" started-at="2021-11-22T15:07:48Z" name="Easy" finished-at="2021-11-22T15:08:06Z" duration-ms="18298" status="PASS">
          <reporter-output>
          </reporter-output>
        </test-method> <!-- Easy -->
        <test-method is-config="true" signature="afterTest()[pri:0, instance:example.NewTest@6304101a]" started-at="2021-11-22T15:08:06Z" name="afterTest" finished-at="2021-11-22T15:08:06Z" duration-ms="0" status="PASS">
          <reporter-output>
          </reporter-output>
        </test-method> <!-- afterTest -->
      </class> <!-- example.NewTest -->
    </test> <!-- Default test -->
  </suite> <!-- Default suite -->
</testng-results>
